<?xml version="1.0" encoding="UTF-8"?>
<!-- Generated by org.testng.reporters.JUnitReportReporter -->
<testsuite hostname="DESKTOP-DSUGBTM" failures="0" tests="1" name="com.crm.Sdet.productTest.DeleteProductTest" time="97.091" errors="0" timestamp="2022-08-11T13:25:22 IST" skipped="0">
  <testcase classname="com.crm.Sdet.productTest.DeleteProductTest" name="deleteProduct" time="97.091"/>
  <system-out/>
</testsuite> <!-- com.crm.Sdet.productTest.DeleteProductTest -->
