<?xml version="1.0" encoding="UTF-8"?>
<!-- Generated by org.testng.reporters.JUnitReportReporter -->
<testsuite hostname="DESKTOP-DSUGBTM" failures="0" tests="1" name="com.crm.Sdet.productTest.CreateProductTest" time="170.673" errors="0" timestamp="2022-08-12T10:51:31 IST" skipped="0">
  <testcase classname="com.crm.Sdet.productTest.CreateProductTest" name="createProduct" time="170.673"/>
  <system-out/>
</testsuite> <!-- com.crm.Sdet.productTest.CreateProductTest -->
