<?xml version="1.0" encoding="UTF-8"?>
<!-- Generated by org.testng.reporters.JUnitReportReporter -->
<testsuite hostname="DESKTOP-DSUGBTM" failures="0" tests="1" name="com.crm.Sdet.organisation.CreateOrganisation" time="70.937" errors="0" timestamp="2022-08-10T10:01:51 IST" skipped="0">
  <testcase classname="com.crm.Sdet.organisation.CreateOrganisation" name="createOrganization" time="70.937"/>
  <system-out/>
</testsuite> <!-- com.crm.Sdet.organisation.CreateOrganisation -->
