<?xml version="1.0" encoding="UTF-8"?>
<!-- Generated by org.testng.reporters.JUnitReportReporter -->
<testsuite hostname="DESKTOP-DSUGBTM" failures="0" tests="1" name="com.crm.Sdet.organisationTest.java.CreateOrganisationTest" time="316.288" errors="0" timestamp="2022-08-11T13:19:10 IST" skipped="0">
  <testcase classname="com.crm.Sdet.organisationTest.java.CreateOrganisationTest" name="createOrganization" time="316.288"/>
  <system-out/>
</testsuite> <!-- com.crm.Sdet.organisationTest.java.CreateOrganisationTest -->
