<?xml version="1.0" encoding="UTF-8"?>
<!-- Generated by org.testng.reporters.JUnitReportReporter -->
<testsuite hostname="DESKTOP-DSUGBTM" failures="0" tests="1" name="com.crm.Sdet.AddProductToCampaignTest.AddCampaignToProductTest" time="79.664" errors="0" timestamp="2022-08-11T16:37:58 IST" skipped="0">
  <testcase classname="com.crm.Sdet.AddProductToCampaignTest.AddCampaignToProductTest" name="createCampaignWithProduct" time="79.664"/>
  <system-out/>
</testsuite> <!-- com.crm.Sdet.AddProductToCampaignTest.AddCampaignToProductTest -->
