<?xml version="1.0" encoding="UTF-8"?>
<!-- Generated by org.testng.reporters.JUnitReportReporter -->
<testsuite hostname="DESKTOP-DSUGBTM" failures="0" tests="2" name="practice2.HardAssert" time="0.036" errors="0" timestamp="2022-08-08T16:59:27 IST" skipped="0">
  <testcase classname="practice2.HardAssert" name="modifyCustomerTest" time="0.011"/>
  <system-out/>
  <testcase classname="practice2.HardAssert" name="createdCustomerTest" time="0.025"/>
  <system-out/>
</testsuite> <!-- practice2.HardAssert -->
