<?xml version="1.0" encoding="UTF-8"?>
<!-- Generated by org.testng.reporters.JUnitReportReporter -->
<testsuite hostname="DESKTOP-DSUGBTM" failures="0" tests="1" name="com.crm.Sdet.AddProductToCampaign.AddCampaignToProduct" time="245.785" errors="0" timestamp="2022-08-03T16:00:08 IST" skipped="0">
  <testcase classname="com.crm.Sdet.AddProductToCampaign.AddCampaignToProduct" name="createCampaignWithProduct" time="245.785"/>
  <system-out/>
</testsuite> <!-- com.crm.Sdet.AddProductToCampaign.AddCampaignToProduct -->
