<?xml version="1.0" encoding="UTF-8"?>
<!-- Generated by org.testng.reporters.JUnitReportReporter -->
<testsuite hostname="DESKTOP-DSUGBTM" failures="0" tests="5" name="practice2.DataProviderTest" time="0.087" errors="0" timestamp="03 Aug 2022 09:58:22 GMT" skipped="0">
  <testcase classname="practice2.DataProviderTest" name="bookTicket" time="0.013"/>
  <testcase classname="practice2.DataProviderTest" name="bookTicket" time="0.020"/>
  <testcase classname="practice2.DataProviderTest" name="bookTicket" time="0.011"/>
  <testcase classname="practice2.DataProviderTest" name="bookTicket" time="0.013"/>
  <testcase classname="practice2.DataProviderTest" name="bookTicket" time="0.030"/>
</testsuite> <!-- practice2.DataProviderTest -->
