<?xml version="1.0" encoding="UTF-8"?>
<!-- Generated by org.testng.reporters.JUnitReportReporter -->
<testsuite hostname="DESKTOP-DSUGBTM" failures="0" tests="1" name="practice2.Sample" time="0.010" errors="0" timestamp="2022-08-12T10:36:58 IST" skipped="0">
  <testcase classname="practice2.Sample" name="modifyContact" time="0.010"/>
  <system-out/>
</testsuite> <!-- practice2.Sample -->
