<?xml version="1.0" encoding="UTF-8"?>
<!-- Generated by org.testng.reporters.JUnitReportReporter -->
<testsuite hostname="DESKTOP-DSUGBTM" failures="0" tests="1" name="practice2.Demo" time="0.026" errors="0" timestamp="2022-08-12T10:36:58 IST" skipped="0">
  <testcase classname="practice2.Demo" name="createContatc" time="0.026"/>
  <system-out/>
</testsuite> <!-- practice2.Demo -->
